
clFFT client API version:  2.15.0
clFFT runtime version:     2.15.0

    CL_PLATFORM_PROFILE:     FULL_PROFILE
    CL_PLATFORM_VERSION:     OpenCL 1.2 CUDA 9.0.282
    CL_PLATFORM_NAME:        NVIDIA CUDA
    CL_PLATFORM_VENDOR:      NVIDIA Corporation
    CL_PLATFORM_EXTENSIONS:  cl_khr_global_int32_base_atomics cl_khr_global_int32_extended_atomics cl_khr_local_int32_base_atomics cl_khr_local_int32_extended_atomics cl_khr_fp64 cl_khr_byte_addressable_store cl_khr_icd cl_khr_gl_sharing cl_nv_compiler_options cl_nv_device_attribute_query cl_nv_pragma_unroll cl_nv_copy_opts cl_nv_create_buffer

    CL_DEVICE_NAME:                      TITAN X (Pascal)
    CL_DEVICE_VERSION:                   OpenCL 1.2 CUDA
    CL_DRIVER_VERSION:                   384.111
    CL_DEVICE_TYPE:                      GPU
    CL_DEVICE_MAX_CLOCK_FREQUENCY:       1531
    CL_DEVICE_ADDRESS_BITS:              64
    CL_DEVICE_AVAILABLE:                 TRUE
    CL_DEVICE_COMPILER_AVAILABLE:        TRUE
    CL_DEVICE_OPENCL_C_VERSION:          OpenCL C 1.2 
    CL_DEVICE_MAX_WORK_GROUP_SIZE:       1024
    CL_DEVICE_MAX_WORK_ITEM_DIMENSIONS:  3
                         Dimension[ 0 ]  1024
                         Dimension[ 1 ]  1024
                         Dimension[ 2 ]  64
    CL_DEVICE_HOST_UNIFIED_MEMORY:       FALSE
    CL_DEVICE_MAX_CONSTANT_BUFFER_SIZE:  65536 ( 64 KB )
    CL_DEVICE_LOCAL_MEM_SIZE:            49152 ( 48 KB )
    CL_DEVICE_GLOBAL_MEM_SIZE:           12782075904 ( 12189 MB )
    CL_DEVICE_MAX_MEM_ALLOC_SIZE:        3195518976 ( 3047 MB )
    CL_DEVICE_EXTENSIONS:                cl_khr_global_int32_base_atomics cl_khr_global_int32_extended_atomics cl_khr_local_int32_base_atomics cl_khr_local_int32_extended_atomics cl_khr_fp64 cl_khr_byte_addressable_store cl_khr_icd cl_khr_gl_sharing cl_nv_compiler_options cl_nv_device_attribute_query cl_nv_pragma_unroll cl_nv_copy_opts cl_nv_create_buffer

Result comparison tolerance is 0.001
Result comparison RMSE relative tolerance is 2e-05
Random test's seed is 212438907
Note: Google Test filter = clfft_DirectedTest_pow2_single_1d_fwd/accuracy_test_directed_real*
[==========] Running 10 tests from 1 test case.
[----------] Global test environment set-up.
[----------] 10 tests from clfft_DirectedTest_pow2_single_1d_fwd/accuracy_test_directed_real
[ RUN      ] clfft_DirectedTest_pow2_single_1d_fwd/accuracy_test_directed_real.inplace_interleaved/0

RMSE accuracy judgement failure -- RMSE = 23.3442, maximum allowed RMSE = 2.00024e-05
/home/pieter/clFFT_radix_17_19/clFFT_develop/src/tests/accuracy_test_common.h:617: Failure
Value of: test_fft.result() == reference.result()
  Actual: false
Expected: true
[  FAILED  ] clfft_DirectedTest_pow2_single_1d_fwd/accuracy_test_directed_real.inplace_interleaved/0, where GetParam() = 120-byte object <03-00 00-00 00-00 00-00 01-00 00-00 FF-FF FF-FF 01-00 00-00 00-00 00-00 10-85 FE-01 00-00 00-00 18-85 FE-01 00-00 00-00 18-85 FE-01 00-00 00-00 D0-D2 F8-01 00-00 00-00 D8-D2 F8-01 00-00 00-00 D8-D2 F8-01 00-00 00-00 90-96 E4-01 00-00 00-00 98-96 E4-01 00-00 00-00 98-96 E4-01 00-00 00-00 02-20 00-00 00-00 00-00 01-10 00-00 00-00 00-00 05-00 00-00 03-00 00-00>
[ RUN      ] clfft_DirectedTest_pow2_single_1d_fwd/accuracy_test_directed_real.inplace_interleaved/1

RMSE accuracy judgement failure -- RMSE = 29.2331, maximum allowed RMSE = 2.8286e-05
/home/pieter/clFFT_radix_17_19/clFFT_develop/src/tests/accuracy_test_common.h:617: Failure
Value of: test_fft.result() == reference.result()
  Actual: false
Expected: true
[  FAILED  ] clfft_DirectedTest_pow2_single_1d_fwd/accuracy_test_directed_real.inplace_interleaved/1, where GetParam() = 120-byte object <03-00 00-00 00-00 00-00 01-00 00-00 FF-FF FF-FF 01-00 00-00 00-00 00-00 10-85 FE-01 00-00 00-00 18-85 FE-01 00-00 00-00 18-85 FE-01 00-00 00-00 D0-D2 F8-01 00-00 00-00 D8-D2 F8-01 00-00 00-00 D8-D2 F8-01 00-00 00-00 90-96 E4-01 00-00 00-00 98-96 E4-01 00-00 00-00 98-96 E4-01 00-00 00-00 02-40 00-00 00-00 00-00 01-20 00-00 00-00 00-00 05-00 00-00 03-00 00-00>
[ RUN      ] clfft_DirectedTest_pow2_single_1d_fwd/accuracy_test_directed_real.inplace_interleaved/2

RMSE accuracy judgement failure -- RMSE = 37.3711, maximum allowed RMSE = 4.00012e-05
/home/pieter/clFFT_radix_17_19/clFFT_develop/src/tests/accuracy_test_common.h:617: Failure
Value of: test_fft.result() == reference.result()
  Actual: false
Expected: true
[  FAILED  ] clfft_DirectedTest_pow2_single_1d_fwd/accuracy_test_directed_real.inplace_interleaved/2, where GetParam() = 120-byte object <03-00 00-00 00-00 00-00 01-00 00-00 FF-FF FF-FF 01-00 00-00 00-00 00-00 10-85 FE-01 00-00 00-00 18-85 FE-01 00-00 00-00 18-85 FE-01 00-00 00-00 D0-D2 F8-01 00-00 00-00 D8-D2 F8-01 00-00 00-00 D8-D2 F8-01 00-00 00-00 90-96 E4-01 00-00 00-00 98-96 E4-01 00-00 00-00 98-96 E4-01 00-00 00-00 02-80 00-00 00-00 00-00 01-40 00-00 00-00 00-00 05-00 00-00 03-00 00-00>
[ RUN      ] clfft_DirectedTest_pow2_single_1d_fwd/accuracy_test_directed_real.inplace_interleaved/3

RMSE accuracy judgement failure -- RMSE = 57.2625, maximum allowed RMSE = 5.65694e-05
/home/pieter/clFFT_radix_17_19/clFFT_develop/src/tests/accuracy_test_common.h:617: Failure
Value of: test_fft.result() == reference.result()
  Actual: false
Expected: true
[  FAILED  ] clfft_DirectedTest_pow2_single_1d_fwd/accuracy_test_directed_real.inplace_interleaved/3, where GetParam() = 120-byte object <03-00 00-00 00-00 00-00 01-00 00-00 FF-FF FF-FF 01-00 00-00 00-00 00-00 10-85 FE-01 00-00 00-00 18-85 FE-01 00-00 00-00 18-85 FE-01 00-00 00-00 D0-D2 F8-01 00-00 00-00 D8-D2 F8-01 00-00 00-00 D8-D2 F8-01 00-00 00-00 90-96 E4-01 00-00 00-00 98-96 E4-01 00-00 00-00 98-96 E4-01 00-00 00-00 02-00 01-00 00-00 00-00 01-80 00-00 00-00 00-00 05-00 00-00 03-00 00-00>
[ RUN      ] clfft_DirectedTest_pow2_single_1d_fwd/accuracy_test_directed_real.inplace_interleaved/4

RMSE accuracy judgement failure -- RMSE = 76.1783, maximum allowed RMSE = 8.00006e-05
/home/pieter/clFFT_radix_17_19/clFFT_develop/src/tests/accuracy_test_common.h:617: Failure
Value of: test_fft.result() == reference.result()
  Actual: false
Expected: true
[  FAILED  ] clfft_DirectedTest_pow2_single_1d_fwd/accuracy_test_directed_real.inplace_interleaved/4, where GetParam() = 120-byte object <03-00 00-00 00-00 00-00 01-00 00-00 FF-FF FF-FF 01-00 00-00 00-00 00-00 10-85 FE-01 00-00 00-00 18-85 FE-01 00-00 00-00 18-85 FE-01 00-00 00-00 D0-D2 F8-01 00-00 00-00 D8-D2 F8-01 00-00 00-00 D8-D2 F8-01 00-00 00-00 90-96 E4-01 00-00 00-00 98-96 E4-01 00-00 00-00 98-96 E4-01 00-00 00-00 02-00 02-00 00-00 00-00 01-00 01-00 00-00 00-00 05-00 00-00 03-00 00-00>
[ RUN      ] clfft_DirectedTest_pow2_single_1d_fwd/accuracy_test_directed_real.inplace_interleaved/5

RMSE accuracy judgement failure -- RMSE = 105.702, maximum allowed RMSE = 0.000113138
/home/pieter/clFFT_radix_17_19/clFFT_develop/src/tests/accuracy_test_common.h:617: Failure
Value of: test_fft.result() == reference.result()
  Actual: false
Expected: true
[  FAILED  ] clfft_DirectedTest_pow2_single_1d_fwd/accuracy_test_directed_real.inplace_interleaved/5, where GetParam() = 120-byte object <03-00 00-00 00-00 00-00 01-00 00-00 FF-FF FF-FF 01-00 00-00 00-00 00-00 10-85 FE-01 00-00 00-00 18-85 FE-01 00-00 00-00 18-85 FE-01 00-00 00-00 D0-D2 F8-01 00-00 00-00 D8-D2 F8-01 00-00 00-00 D8-D2 F8-01 00-00 00-00 90-96 E4-01 00-00 00-00 98-96 E4-01 00-00 00-00 98-96 E4-01 00-00 00-00 02-00 04-00 00-00 00-00 01-00 02-00 00-00 00-00 05-00 00-00 03-00 00-00>
[ RUN      ] clfft_DirectedTest_pow2_single_1d_fwd/accuracy_test_directed_real.inplace_interleaved/6

RMSE accuracy judgement failure -- RMSE = 141.022, maximum allowed RMSE = 0.00016
/home/pieter/clFFT_radix_17_19/clFFT_develop/src/tests/accuracy_test_common.h:617: Failure
Value of: test_fft.result() == reference.result()
  Actual: false
Expected: true
[  FAILED  ] clfft_DirectedTest_pow2_single_1d_fwd/accuracy_test_directed_real.inplace_interleaved/6, where GetParam() = 120-byte object <03-00 00-00 00-00 00-00 01-00 00-00 FF-FF FF-FF 01-00 00-00 00-00 00-00 10-85 FE-01 00-00 00-00 18-85 FE-01 00-00 00-00 18-85 FE-01 00-00 00-00 D0-D2 F8-01 00-00 00-00 D8-D2 F8-01 00-00 00-00 D8-D2 F8-01 00-00 00-00 90-96 E4-01 00-00 00-00 98-96 E4-01 00-00 00-00 98-96 E4-01 00-00 00-00 02-00 08-00 00-00 00-00 01-00 04-00 00-00 00-00 05-00 00-00 03-00 00-00>
[ RUN      ] clfft_DirectedTest_pow2_single_1d_fwd/accuracy_test_directed_real.inplace_interleaved/7

RMSE accuracy judgement failure -- RMSE = 204.929, maximum allowed RMSE = 0.000226274
/home/pieter/clFFT_radix_17_19/clFFT_develop/src/tests/accuracy_test_common.h:617: Failure
Value of: test_fft.result() == reference.result()
  Actual: false
Expected: true
[  FAILED  ] clfft_DirectedTest_pow2_single_1d_fwd/accuracy_test_directed_real.inplace_interleaved/7, where GetParam() = 120-byte object <03-00 00-00 00-00 00-00 01-00 00-00 FF-FF FF-FF 01-00 00-00 00-00 00-00 10-85 FE-01 00-00 00-00 18-85 FE-01 00-00 00-00 18-85 FE-01 00-00 00-00 D0-D2 F8-01 00-00 00-00 D8-D2 F8-01 00-00 00-00 D8-D2 F8-01 00-00 00-00 90-96 E4-01 00-00 00-00 98-96 E4-01 00-00 00-00 98-96 E4-01 00-00 00-00 02-00 10-00 00-00 00-00 01-00 08-00 00-00 00-00 05-00 00-00 03-00 00-00>
[ RUN      ] clfft_DirectedTest_pow2_single_1d_fwd/accuracy_test_directed_real.inplace_interleaved/8

RMSE accuracy judgement failure -- RMSE = 261.715, maximum allowed RMSE = 0.00032
/home/pieter/clFFT_radix_17_19/clFFT_develop/src/tests/accuracy_test_common.h:617: Failure
Value of: test_fft.result() == reference.result()
  Actual: false
Expected: true
[  FAILED  ] clfft_DirectedTest_pow2_single_1d_fwd/accuracy_test_directed_real.inplace_interleaved/8, where GetParam() = 120-byte object <03-00 00-00 00-00 00-00 01-00 00-00 FF-FF FF-FF 01-00 00-00 00-00 00-00 10-85 FE-01 00-00 00-00 18-85 FE-01 00-00 00-00 18-85 FE-01 00-00 00-00 D0-D2 F8-01 00-00 00-00 D8-D2 F8-01 00-00 00-00 D8-D2 F8-01 00-00 00-00 90-96 E4-01 00-00 00-00 98-96 E4-01 00-00 00-00 98-96 E4-01 00-00 00-00 02-00 20-00 00-00 00-00 01-00 10-00 00-00 00-00 05-00 00-00 03-00 00-00>
[ RUN      ] clfft_DirectedTest_pow2_single_1d_fwd/accuracy_test_directed_real.inplace_interleaved/9

RMSE accuracy judgement failure -- RMSE = 377.389, maximum allowed RMSE = 0.000452548
/home/pieter/clFFT_radix_17_19/clFFT_develop/src/tests/accuracy_test_common.h:617: Failure
Value of: test_fft.result() == reference.result()
  Actual: false
Expected: true
[  FAILED  ] clfft_DirectedTest_pow2_single_1d_fwd/accuracy_test_directed_real.inplace_interleaved/9, where GetParam() = 120-byte object <03-00 00-00 00-00 00-00 01-00 00-00 FF-FF FF-FF 01-00 00-00 00-00 00-00 10-85 FE-01 00-00 00-00 18-85 FE-01 00-00 00-00 18-85 FE-01 00-00 00-00 D0-D2 F8-01 00-00 00-00 D8-D2 F8-01 00-00 00-00 D8-D2 F8-01 00-00 00-00 90-96 E4-01 00-00 00-00 98-96 E4-01 00-00 00-00 98-96 E4-01 00-00 00-00 02-00 40-00 00-00 00-00 01-00 20-00 00-00 00-00 05-00 00-00 03-00 00-00>
[----------] Global test environment tear-down
[==========] 10 tests from 1 test case ran.
[  PASSED  ] 0 tests.
[  FAILED  ] 10 tests, listed below:
[  FAILED  ] clfft_DirectedTest_pow2_single_1d_fwd/accuracy_test_directed_real.inplace_interleaved/0, where GetParam() = 120-byte object <03-00 00-00 00-00 00-00 01-00 00-00 FF-FF FF-FF 01-00 00-00 00-00 00-00 10-85 FE-01 00-00 00-00 18-85 FE-01 00-00 00-00 18-85 FE-01 00-00 00-00 D0-D2 F8-01 00-00 00-00 D8-D2 F8-01 00-00 00-00 D8-D2 F8-01 00-00 00-00 90-96 E4-01 00-00 00-00 98-96 E4-01 00-00 00-00 98-96 E4-01 00-00 00-00 02-20 00-00 00-00 00-00 01-10 00-00 00-00 00-00 05-00 00-00 03-00 00-00>
[  FAILED  ] clfft_DirectedTest_pow2_single_1d_fwd/accuracy_test_directed_real.inplace_interleaved/1, where GetParam() = 120-byte object <03-00 00-00 00-00 00-00 01-00 00-00 FF-FF FF-FF 01-00 00-00 00-00 00-00 10-85 FE-01 00-00 00-00 18-85 FE-01 00-00 00-00 18-85 FE-01 00-00 00-00 D0-D2 F8-01 00-00 00-00 D8-D2 F8-01 00-00 00-00 D8-D2 F8-01 00-00 00-00 90-96 E4-01 00-00 00-00 98-96 E4-01 00-00 00-00 98-96 E4-01 00-00 00-00 02-40 00-00 00-00 00-00 01-20 00-00 00-00 00-00 05-00 00-00 03-00 00-00>
[  FAILED  ] clfft_DirectedTest_pow2_single_1d_fwd/accuracy_test_directed_real.inplace_interleaved/2, where GetParam() = 120-byte object <03-00 00-00 00-00 00-00 01-00 00-00 FF-FF FF-FF 01-00 00-00 00-00 00-00 10-85 FE-01 00-00 00-00 18-85 FE-01 00-00 00-00 18-85 FE-01 00-00 00-00 D0-D2 F8-01 00-00 00-00 D8-D2 F8-01 00-00 00-00 D8-D2 F8-01 00-00 00-00 90-96 E4-01 00-00 00-00 98-96 E4-01 00-00 00-00 98-96 E4-01 00-00 00-00 02-80 00-00 00-00 00-00 01-40 00-00 00-00 00-00 05-00 00-00 03-00 00-00>
[  FAILED  ] clfft_DirectedTest_pow2_single_1d_fwd/accuracy_test_directed_real.inplace_interleaved/3, where GetParam() = 120-byte object <03-00 00-00 00-00 00-00 01-00 00-00 FF-FF FF-FF 01-00 00-00 00-00 00-00 10-85 FE-01 00-00 00-00 18-85 FE-01 00-00 00-00 18-85 FE-01 00-00 00-00 D0-D2 F8-01 00-00 00-00 D8-D2 F8-01 00-00 00-00 D8-D2 F8-01 00-00 00-00 90-96 E4-01 00-00 00-00 98-96 E4-01 00-00 00-00 98-96 E4-01 00-00 00-00 02-00 01-00 00-00 00-00 01-80 00-00 00-00 00-00 05-00 00-00 03-00 00-00>
[  FAILED  ] clfft_DirectedTest_pow2_single_1d_fwd/accuracy_test_directed_real.inplace_interleaved/4, where GetParam() = 120-byte object <03-00 00-00 00-00 00-00 01-00 00-00 FF-FF FF-FF 01-00 00-00 00-00 00-00 10-85 FE-01 00-00 00-00 18-85 FE-01 00-00 00-00 18-85 FE-01 00-00 00-00 D0-D2 F8-01 00-00 00-00 D8-D2 F8-01 00-00 00-00 D8-D2 F8-01 00-00 00-00 90-96 E4-01 00-00 00-00 98-96 E4-01 00-00 00-00 98-96 E4-01 00-00 00-00 02-00 02-00 00-00 00-00 01-00 01-00 00-00 00-00 05-00 00-00 03-00 00-00>
[  FAILED  ] clfft_DirectedTest_pow2_single_1d_fwd/accuracy_test_directed_real.inplace_interleaved/5, where GetParam() = 120-byte object <03-00 00-00 00-00 00-00 01-00 00-00 FF-FF FF-FF 01-00 00-00 00-00 00-00 10-85 FE-01 00-00 00-00 18-85 FE-01 00-00 00-00 18-85 FE-01 00-00 00-00 D0-D2 F8-01 00-00 00-00 D8-D2 F8-01 00-00 00-00 D8-D2 F8-01 00-00 00-00 90-96 E4-01 00-00 00-00 98-96 E4-01 00-00 00-00 98-96 E4-01 00-00 00-00 02-00 04-00 00-00 00-00 01-00 02-00 00-00 00-00 05-00 00-00 03-00 00-00>
[  FAILED  ] clfft_DirectedTest_pow2_single_1d_fwd/accuracy_test_directed_real.inplace_interleaved/6, where GetParam() = 120-byte object <03-00 00-00 00-00 00-00 01-00 00-00 FF-FF FF-FF 01-00 00-00 00-00 00-00 10-85 FE-01 00-00 00-00 18-85 FE-01 00-00 00-00 18-85 FE-01 00-00 00-00 D0-D2 F8-01 00-00 00-00 D8-D2 F8-01 00-00 00-00 D8-D2 F8-01 00-00 00-00 90-96 E4-01 00-00 00-00 98-96 E4-01 00-00 00-00 98-96 E4-01 00-00 00-00 02-00 08-00 00-00 00-00 01-00 04-00 00-00 00-00 05-00 00-00 03-00 00-00>
[  FAILED  ] clfft_DirectedTest_pow2_single_1d_fwd/accuracy_test_directed_real.inplace_interleaved/7, where GetParam() = 120-byte object <03-00 00-00 00-00 00-00 01-00 00-00 FF-FF FF-FF 01-00 00-00 00-00 00-00 10-85 FE-01 00-00 00-00 18-85 FE-01 00-00 00-00 18-85 FE-01 00-00 00-00 D0-D2 F8-01 00-00 00-00 D8-D2 F8-01 00-00 00-00 D8-D2 F8-01 00-00 00-00 90-96 E4-01 00-00 00-00 98-96 E4-01 00-00 00-00 98-96 E4-01 00-00 00-00 02-00 10-00 00-00 00-00 01-00 08-00 00-00 00-00 05-00 00-00 03-00 00-00>
[  FAILED  ] clfft_DirectedTest_pow2_single_1d_fwd/accuracy_test_directed_real.inplace_interleaved/8, where GetParam() = 120-byte object <03-00 00-00 00-00 00-00 01-00 00-00 FF-FF FF-FF 01-00 00-00 00-00 00-00 10-85 FE-01 00-00 00-00 18-85 FE-01 00-00 00-00 18-85 FE-01 00-00 00-00 D0-D2 F8-01 00-00 00-00 D8-D2 F8-01 00-00 00-00 D8-D2 F8-01 00-00 00-00 90-96 E4-01 00-00 00-00 98-96 E4-01 00-00 00-00 98-96 E4-01 00-00 00-00 02-00 20-00 00-00 00-00 01-00 10-00 00-00 00-00 05-00 00-00 03-00 00-00>
[  FAILED  ] clfft_DirectedTest_pow2_single_1d_fwd/accuracy_test_directed_real.inplace_interleaved/9, where GetParam() = 120-byte object <03-00 00-00 00-00 00-00 01-00 00-00 FF-FF FF-FF 01-00 00-00 00-00 00-00 10-85 FE-01 00-00 00-00 18-85 FE-01 00-00 00-00 18-85 FE-01 00-00 00-00 D0-D2 F8-01 00-00 00-00 D8-D2 F8-01 00-00 00-00 D8-D2 F8-01 00-00 00-00 90-96 E4-01 00-00 00-00 98-96 E4-01 00-00 00-00 98-96 E4-01 00-00 00-00 02-00 40-00 00-00 00-00 01-00 20-00 00-00 00-00 05-00 00-00 03-00 00-00>

10 FAILED TESTS
